Running in Lattice mode


Starting:    C:\lscc\iCEcube2.2020.12\synpbase\bin64\mbin\synbatch.exe
Install:     C:\lscc\iCEcube2.2020.12\synpbase
Hostname:    DESKTOP
Date:        Sat Oct 08 16:56:07 2022
Version:     L-2016.09L+ice40

Arguments:   -product synplify_pro -batch LED_BLINK_syn.prj
ProductType: synplify_pro





log file: "C:\Users\Kyle\Downloads\Github\FPGA-Projects\LED_Blink\LED_BLINK\LED_BLINK_Implmnt\LED_BLINK.srr"
Running: LED_BLINK_Implmnt in foreground

Running LED_BLINK_syn|LED_BLINK_Implmnt

Running: compile (Compile) on LED_BLINK_syn|LED_BLINK_Implmnt
# Sat Oct 08 16:56:07 2022

Running: compile_flow (Compile Process) on LED_BLINK_syn|LED_BLINK_Implmnt
# Sat Oct 08 16:56:07 2022

Running: compiler (Compile Input) on LED_BLINK_syn|LED_BLINK_Implmnt
# Sat Oct 08 16:56:07 2022
Copied C:\Users\Kyle\Downloads\Github\FPGA-Projects\LED_Blink\LED_BLINK\LED_BLINK_Implmnt\synwork\LED_BLINK_comp.srs to C:\Users\Kyle\Downloads\Github\FPGA-Projects\LED_Blink\LED_BLINK\LED_BLINK_Implmnt\LED_BLINK.srs

compiler completed
# Sat Oct 08 16:56:10 2022

Return Code: 0
Run Time:00h:00m:03s

Running: multi_srs_gen (Multi-srs Generator) on LED_BLINK_syn|LED_BLINK_Implmnt
# Sat Oct 08 16:56:10 2022

multi_srs_gen completed
# Sat Oct 08 16:56:10 2022

Return Code: 0
Run Time:00h:00m:00s
Copied C:\Users\Kyle\Downloads\Github\FPGA-Projects\LED_Blink\LED_BLINK\LED_BLINK_Implmnt\synwork\LED_BLINK_mult.srs to C:\Users\Kyle\Downloads\Github\FPGA-Projects\LED_Blink\LED_BLINK\LED_BLINK_Implmnt\LED_BLINK.srs
Complete: Compile Process on LED_BLINK_syn|LED_BLINK_Implmnt

Running: premap (Pre-mapping) on LED_BLINK_syn|LED_BLINK_Implmnt
# Sat Oct 08 16:56:10 2022

premap completed
# Sat Oct 08 16:56:12 2022

Return Code: 0
Run Time:00h:00m:02s
Complete: Compile on LED_BLINK_syn|LED_BLINK_Implmnt

Running: map (Map) on LED_BLINK_syn|LED_BLINK_Implmnt
# Sat Oct 08 16:56:12 2022
License granted for 4 parallel jobs

Running: fpga_mapper (Map & Optimize) on LED_BLINK_syn|LED_BLINK_Implmnt
# Sat Oct 08 16:56:12 2022
Copied C:\Users\Kyle\Downloads\Github\FPGA-Projects\LED_Blink\LED_BLINK\LED_BLINK_Implmnt\synwork\LED_BLINK_m.srm to C:\Users\Kyle\Downloads\Github\FPGA-Projects\LED_Blink\LED_BLINK\LED_BLINK_Implmnt\LED_BLINK.srm

fpga_mapper completed with warnings
# Sat Oct 08 16:56:13 2022

Return Code: 1
Run Time:00h:00m:01s
Complete: Map on LED_BLINK_syn|LED_BLINK_Implmnt
Complete: Logic Synthesis on LED_BLINK_syn|LED_BLINK_Implmnt

exit status=0

exit status=0

