* ******************************************************************************

* iCEcube Report

* Version:            2020.12.27943

* Build Date:         Dec  9 2020 17:31:51

* File Generated:     Oct 8 2022 16:56:28

* Purpose:            General info of design implementation

* Copyright (C) 2006-2010 by Lattice Semiconductor Corp. All rights reserved.

* ******************************************************************************

Synthesis/Placement Summary:
----------------------------
    Status:  Successful
    Runtime: 0 seconds

Device Info:
------------
    Device Family: iCE40
    Device:        iCE40HX1K
    Package:       VQ100

Design statistics:
------------------
    FFs:                  132
    LUTs:                 207
    RAMs:                 0
    IOBs:                 5
    GBs:                  1
    PLLs:                 0
    Warm Boots:           0

Logic Resource Utilization:
---------------------------
    Total Logic Cells: 243/1280
        Combinational Logic Cells: 111      out of   1280      8.67188%
        Sequential Logic Cells:    132      out of   1280      10.3125%
        Logic Tiles:               41       out of   160       25.625%
    Registers: 
        Logic Registers:           132      out of   1280      10.3125%
        IO Registers:              0        out of   560       0
    Block RAMs:                    0        out of   16        0%
    Warm Boots:                    0        out of   1         0%
    Pins:
        Input Pins:                1        out of   72        1.38889%
        Output Pins:               4        out of   72        5.55556%
        InOut Pins:                0        out of   72        0%
    Global Buffers:                1        out of   8         12.5%
    PLLs:                          0        out of   0       

IO Bank Utilization:
--------------------
    Bank 3: 1        out of   18        5.55556%
    Bank 1: 4        out of   19        21.0526%
    Bank 0: 0        out of   19        0%
    Bank 2: 0        out of   16        0%

Detailed I/O Info:
------------------
    Input Pins: 
    Pin Number  Direction  IO Standard  Pull Up  IO Bank  IO Function    Signal Name
    ----------  ---------  -----------  -------  -------  -----------    -----------
    15          Input      SB_LVCMOS    No       3        Simple Input   i_Clk    

    Output Pins: 
    Pin Number  Direction  IO Standard  Pull Up  IO Bank  IO Function    Signal Name
    ----------  ---------  -----------  -------  -------  -----------    -----------
    56          Output     SB_LVCMOS    No       1        Simple Output  o_LED_1  
    57          Output     SB_LVCMOS    No       1        Simple Output  o_LED_2  
    59          Output     SB_LVCMOS    No       1        Simple Output  o_LED_3  
    60          Output     SB_LVCMOS    No       1        Simple Output  o_LED_4  

Detailed Global Buffer Info:
----------------------------
    Buffer Number  IO Bank  Driven By  Fanout  Signal Name
    -------------  -------  ---------  ------  -----------
    1              3        IO         132     i_Clk_c_g  


Router Summary:
---------------
    Status:  Successful
    Runtime: 1 seconds

Routing Resource Utilization:
-----------------------------
              Local line of tile     1386 out of  28666      4.835%
                          Span 4       82 out of   6944      1.18088%
                         Span 12        6 out of   1440      0.416667%
                  Global network        1 out of      8      12.5%
      Vertical Inter-LUT Connect        3 out of   1120      0.267857%

